<?xml version="1.0" encoding="UTF-8"?>
<robot generator="Robot 3.1.2 (Python 3.8.2 on win32)" generated="20200415 14:08:17.952" rpa="false">
<suite id="s1" name="Tests" source="C:\Users\Everton Santos\Documents\Robot\AmeDigitalTest\Web\tests">
<suite id="s1-s1" name="Login" source="C:\Users\Everton Santos\Documents\Robot\AmeDigitalTest\Web\tests\login.robot">
<test id="s1-s1-t1" name="Scenario: Login invalido">
<kw name="Run Keywords" library="BuiltIn" type="setup">
<doc>Executes all the given keywords in a sequence.</doc>
<arguments>
<arg>Start Chrome</arg>
<arg>AND</arg>
<arg>Maximize Browser Window</arg>
<arg>AND</arg>
<arg>Dado que tenha acessado a tela de Login</arg>
</arguments>
<kw name="Start Chrome" library="commons">
<kw name="Open Browser" library="SeleniumLibrary">
<doc>Opens a new browser instance to the optional ``url``.</doc>
<arguments>
<arg>${URL_HOME}</arg>
<arg>chrome</arg>
</arguments>
<msg timestamp="20200415 14:08:18.500" level="INFO">Opening browser 'chrome' to base url 'http://automationpractice.com/index.php'.</msg>
<status status="PASS" starttime="20200415 14:08:18.500" endtime="20200415 14:08:27.316"></status>
</kw>
<status status="PASS" starttime="20200415 14:08:18.500" endtime="20200415 14:08:27.316"></status>
</kw>
<kw name="Maximize Browser Window" library="SeleniumLibrary">
<doc>Maximizes current browser window.</doc>
<status status="PASS" starttime="20200415 14:08:27.316" endtime="20200415 14:08:31.443"></status>
</kw>
<kw name="Dado que tenha acessado a tela de Login" library="cadastro_kw">
<kw name="Go To" library="SeleniumLibrary">
<doc>Navigates the current browser window to the provided ``url``.</doc>
<arguments>
<arg>${URL_LOGIN}</arg>
</arguments>
<msg timestamp="20200415 14:08:31.444" level="INFO">Opening url 'http://automationpractice.com/index.php?controller=authentication&amp;back=my-account'</msg>
<status status="PASS" starttime="20200415 14:08:31.443" endtime="20200415 14:08:32.754"></status>
</kw>
<status status="PASS" starttime="20200415 14:08:31.443" endtime="20200415 14:08:32.754"></status>
</kw>
<status status="PASS" starttime="20200415 14:08:18.500" endtime="20200415 14:08:32.754"></status>
</kw>
<kw name="E informo Email e Senha inválidos" library="login_kw">
<kw name="Enter Email" library="login">
<doc>Insira o e-mail</doc>
<arguments>
<arg>${INVALID_USER}</arg>
</arguments>
<msg timestamp="20200415 14:08:32.755" level="INFO">Typing text 'user' into text field 'id=email'.</msg>
<status status="PASS" starttime="20200415 14:08:32.755" endtime="20200415 14:08:32.825"></status>
</kw>
<kw name="Enter Senha" library="login">
<doc>Insira o e-mail</doc>
<arguments>
<arg>${INVALID_PASS}</arg>
</arguments>
<msg timestamp="20200415 14:08:32.825" level="INFO">Typing text 'ldkfan' into text field 'id=passwd'.</msg>
<status status="PASS" starttime="20200415 14:08:32.825" endtime="20200415 14:08:32.903"></status>
</kw>
<status status="PASS" starttime="20200415 14:08:32.755" endtime="20200415 14:08:32.903"></status>
</kw>
<kw name="Quando clico em Signin" library="login_kw">
<kw name="Click Signin Button" library="login">
<doc>Click em Sign in</doc>
<msg timestamp="20200415 14:08:32.904" level="INFO">Clicking button 'xpath=//button[@id='SubmitLogin']'.</msg>
<status status="PASS" starttime="20200415 14:08:32.903" endtime="20200415 14:08:34.405"></status>
</kw>
<status status="PASS" starttime="20200415 14:08:32.903" endtime="20200415 14:08:34.406"></status>
</kw>
<kw name="Então o site retorna uma mensagem de erro de autenticação" library="login_kw">
<kw name="Page Should Contain" library="SeleniumLibrary">
<doc>Verifies that current page contains ``text``.</doc>
<arguments>
<arg>Invalid email address.</arg>
</arguments>
<msg timestamp="20200415 14:08:34.419" level="INFO">Current page contains text 'Invalid email address.'.</msg>
<status status="PASS" starttime="20200415 14:08:34.406" endtime="20200415 14:08:34.419"></status>
</kw>
<status status="PASS" starttime="20200415 14:08:34.406" endtime="20200415 14:08:34.419"></status>
</kw>
<kw name="Close Browser" library="SeleniumLibrary" type="teardown">
<doc>Closes the current browser.</doc>
<status status="PASS" starttime="20200415 14:08:34.420" endtime="20200415 14:08:36.506"></status>
</kw>
<tags>
<tag>login</tag>
<tag>login_invalido</tag>
</tags>
<status status="PASS" starttime="20200415 14:08:18.499" endtime="20200415 14:08:36.506" critical="yes"></status>
</test>
<status status="PASS" starttime="20200415 14:08:17.973" endtime="20200415 14:08:36.508"></status>
</suite>
<status status="PASS" starttime="20200415 14:08:17.953" endtime="20200415 14:08:36.509"></status>
</suite>
<statistics>
<total>
<stat pass="1" fail="0">Critical Tests</stat>
<stat pass="1" fail="0">All Tests</stat>
</total>
<tag>
<stat pass="1" fail="0">login</stat>
<stat pass="1" fail="0">login_invalido</stat>
</tag>
<suite>
<stat pass="1" fail="0" id="s1" name="Tests">Tests</stat>
<stat pass="1" fail="0" id="s1-s1" name="Login">Tests.Login</stat>
</suite>
</statistics>
<errors>
</errors>
</robot>
