<?xml version="1.0" encoding="UTF-8"?>
<robot generator="Robot 3.1.2 (Python 3.8.2 on win32)" generated="20200415 22:26:11.788" rpa="false">
<suite id="s1" name="Tests" source="C:\Users\Everton Santos\Documents\Robot\AutomationAme\Web\tests">
<suite id="s1-s1" name="Login" source="C:\Users\Everton Santos\Documents\Robot\AutomationAme\Web\tests\login.robot">
<test id="s1-s1-t1" name="Scenario: Login válido">
<kw name="Run Keywords" library="BuiltIn" type="setup">
<doc>Executes all the given keywords in a sequence.</doc>
<arguments>
<arg>Start Chrome</arg>
<arg>AND</arg>
<arg>Maximize Browser Window</arg>
<arg>AND</arg>
<arg>Dado que tenha acessado a tela de Login</arg>
</arguments>
<kw name="Start Chrome" library="commons">
<kw name="Open Browser" library="SeleniumLibrary">
<doc>Opens a new browser instance to the optional ``url``.</doc>
<arguments>
<arg>${URL_HOME}</arg>
<arg>chrome</arg>
</arguments>
<msg timestamp="20200415 22:26:12.495" level="INFO">Opening browser 'chrome' to base url 'http://automationpractice.com/index.php'.</msg>
<status status="PASS" starttime="20200415 22:26:12.495" endtime="20200415 22:26:21.123"></status>
</kw>
<status status="PASS" starttime="20200415 22:26:12.494" endtime="20200415 22:26:21.123"></status>
</kw>
<kw name="Maximize Browser Window" library="SeleniumLibrary">
<doc>Maximizes current browser window.</doc>
<status status="PASS" starttime="20200415 22:26:21.123" endtime="20200415 22:26:25.259"></status>
</kw>
<kw name="Dado que tenha acessado a tela de Login" library="cadastro_kw">
<kw name="Go To" library="SeleniumLibrary">
<doc>Navigates the current browser window to the provided ``url``.</doc>
<arguments>
<arg>${URL_LOGIN}</arg>
</arguments>
<msg timestamp="20200415 22:26:25.260" level="INFO">Opening url 'http://automationpractice.com/index.php?controller=authentication&amp;back=my-account'</msg>
<status status="PASS" starttime="20200415 22:26:25.259" endtime="20200415 22:26:26.413"></status>
</kw>
<status status="PASS" starttime="20200415 22:26:25.259" endtime="20200415 22:26:26.413"></status>
</kw>
<status status="PASS" starttime="20200415 22:26:12.494" endtime="20200415 22:26:26.413"></status>
</kw>
<kw name="E informo Email e Senha válidos" library="login_kw">
<kw name="Enter Email" library="login">
<doc>Insira o e-mail</doc>
<arguments>
<arg>camila@bu.com</arg>
</arguments>
<msg timestamp="20200415 22:26:26.414" level="INFO">Typing text 'camila@bu.com' into text field 'id=email'.</msg>
<status status="PASS" starttime="20200415 22:26:26.414" endtime="20200415 22:26:26.543"></status>
</kw>
<kw name="Enter Senha" library="login">
<doc>Insira o e-mail</doc>
<arguments>
<arg>${PASS}</arg>
</arguments>
<msg timestamp="20200415 22:26:26.543" level="INFO">Typing text 'admin123' into text field 'id=passwd'.</msg>
<status status="PASS" starttime="20200415 22:26:26.543" endtime="20200415 22:26:26.660"></status>
</kw>
<status status="PASS" starttime="20200415 22:26:26.413" endtime="20200415 22:26:26.660"></status>
</kw>
<kw name="Quando clico em Signin" library="login_kw">
<kw name="Click Signin Button" library="login">
<doc>Click em Sign in</doc>
<msg timestamp="20200415 22:26:26.661" level="INFO">Clicking button 'xpath=//button[@id='SubmitLogin']'.</msg>
<status status="PASS" starttime="20200415 22:26:26.661" endtime="20200415 22:26:28.065"></status>
</kw>
<status status="PASS" starttime="20200415 22:26:26.661" endtime="20200415 22:26:28.066"></status>
</kw>
<kw name="Então o login é efetuado com sucesso" library="login_kw">
<kw name="Page Should Contain" library="SeleniumLibrary">
<doc>Verifies that current page contains ``text``.</doc>
<arguments>
<arg>Welcome to your account. Here you can manage all of your personal information and orders.</arg>
</arguments>
<msg timestamp="20200415 22:26:28.081" level="INFO">Current page contains text 'Welcome to your account. Here you can manage all of your personal information and orders.'.</msg>
<status status="PASS" starttime="20200415 22:26:28.067" endtime="20200415 22:26:28.081"></status>
</kw>
<status status="PASS" starttime="20200415 22:26:28.066" endtime="20200415 22:26:28.081"></status>
</kw>
<kw name="Close Browser" library="SeleniumLibrary" type="teardown">
<doc>Closes the current browser.</doc>
<status status="PASS" starttime="20200415 22:26:28.082" endtime="20200415 22:26:30.178"></status>
</kw>
<tags>
<tag>login</tag>
<tag>login_valido</tag>
</tags>
<status status="PASS" starttime="20200415 22:26:12.493" endtime="20200415 22:26:30.178" critical="yes"></status>
</test>
<status status="PASS" starttime="20200415 22:26:11.814" endtime="20200415 22:26:30.179"></status>
</suite>
<status status="PASS" starttime="20200415 22:26:11.789" endtime="20200415 22:26:30.181"></status>
</suite>
<statistics>
<total>
<stat pass="1" fail="0">Critical Tests</stat>
<stat pass="1" fail="0">All Tests</stat>
</total>
<tag>
<stat pass="1" fail="0">login</stat>
<stat pass="1" fail="0">login_valido</stat>
</tag>
<suite>
<stat pass="1" fail="0" id="s1" name="Tests">Tests</stat>
<stat pass="1" fail="0" id="s1-s1" name="Login">Tests.Login</stat>
</suite>
</statistics>
<errors>
</errors>
</robot>
