<?xml version="1.0" encoding="UTF-8"?>
<robot generator="Robot 3.1.2 (Python 3.8.2 on win32)" generated="20200427 20:41:15.260" rpa="false">
<suite id="s1" name="Tests" source="C:\Users\Everton Santos\Documents\Robot\AutomationAme\Web\tests">
<suite id="s1-s1" name="Cadastro" source="C:\Users\Everton Santos\Documents\Robot\AutomationAme\Web\tests\cadastro.robot">
<test id="s1-s1-t1" name="Scenario: Efetuando cadastro e login">
<kw name="Run Keywords" library="BuiltIn" type="setup">
<doc>Executes all the given keywords in a sequence.</doc>
<arguments>
<arg>Start Chrome</arg>
<arg>AND</arg>
<arg>Maximize Browser Window</arg>
<arg>AND</arg>
<arg>Dado que tenha acessado a tela de Login</arg>
</arguments>
<kw name="Start Chrome" library="commons">
<kw name="Open Browser" library="SeleniumLibrary">
<doc>Opens a new browser instance to the optional ``url``.</doc>
<arguments>
<arg>${URL_HOME}</arg>
<arg>chrome</arg>
</arguments>
<msg timestamp="20200427 20:41:15.801" level="INFO">Opening browser 'chrome' to base url 'http://automationpractice.com/index.php'.</msg>
<status status="PASS" starttime="20200427 20:41:15.801" endtime="20200427 20:41:27.993"></status>
</kw>
<status status="PASS" starttime="20200427 20:41:15.800" endtime="20200427 20:41:27.993"></status>
</kw>
<kw name="Maximize Browser Window" library="SeleniumLibrary">
<doc>Maximizes current browser window.</doc>
<status status="PASS" starttime="20200427 20:41:27.993" endtime="20200427 20:41:32.258"></status>
</kw>
<kw name="Dado que tenha acessado a tela de Login" library="cadastro_kw">
<kw name="Go To" library="SeleniumLibrary">
<doc>Navigates the current browser window to the provided ``url``.</doc>
<arguments>
<arg>${URL_LOGIN}</arg>
</arguments>
<msg timestamp="20200427 20:41:32.258" level="INFO">Opening url 'http://automationpractice.com/index.php?controller=authentication&amp;back=my-account'</msg>
<status status="PASS" starttime="20200427 20:41:32.258" endtime="20200427 20:41:33.459"></status>
</kw>
<status status="PASS" starttime="20200427 20:41:32.258" endtime="20200427 20:41:33.459"></status>
</kw>
<status status="PASS" starttime="20200427 20:41:15.800" endtime="20200427 20:41:33.459"></status>
</kw>
<kw name="Quando clico em CreateAccount após informar um e-mail válido" library="cadastro_kw">
<kw name="Free Email" library="FakerLibrary">
<assign>
<var>${email}</var>
</assign>
<msg timestamp="20200427 20:41:33.463" level="INFO">${email} = brownbrandon@gmail.com</msg>
<status status="PASS" starttime="20200427 20:41:33.460" endtime="20200427 20:41:33.463"></status>
</kw>
<kw name="Enter Create Email" library="login">
<doc>Inserindo e-mail para cadastro</doc>
<arguments>
<arg>${email}</arg>
</arguments>
<msg timestamp="20200427 20:41:33.489" level="INFO">Typing text 'brownbrandon@gmail.com' into text field 'id=email_create'.</msg>
<status status="PASS" starttime="20200427 20:41:33.463" endtime="20200427 20:41:33.630"></status>
</kw>
<kw name="Click Create Account Button" library="login">
<doc>Click em Create Account</doc>
<msg timestamp="20200427 20:41:33.631" level="INFO">Clicking button 'xpath=.//button[@id="SubmitCreate"]'.</msg>
<status status="PASS" starttime="20200427 20:41:33.631" endtime="20200427 20:41:33.751"></status>
</kw>
<status status="PASS" starttime="20200427 20:41:33.460" endtime="20200427 20:41:33.751"></status>
</kw>
<kw name="E informo todos os campos obrigatórios" library="cadastro_kw">
<kw name="First Name" library="FakerLibrary">
<assign>
<var>${fisrt_name}</var>
</assign>
<msg timestamp="20200427 20:41:33.753" level="INFO">${fisrt_name} = Laura</msg>
<status status="PASS" starttime="20200427 20:41:33.752" endtime="20200427 20:41:33.753"></status>
</kw>
<kw name="Last Name" library="FakerLibrary">
<assign>
<var>${last_name}</var>
</assign>
<msg timestamp="20200427 20:41:33.753" level="INFO">${last_name} = Hunter</msg>
<status status="PASS" starttime="20200427 20:41:33.753" endtime="20200427 20:41:33.753"></status>
</kw>
<kw name="Street Address" library="FakerLibrary">
<doc>:example '791 Crist Parks'</doc>
<assign>
<var>${address}</var>
</assign>
<msg timestamp="20200427 20:41:33.754" level="INFO">${address} = 255 Lucas Dale</msg>
<status status="PASS" starttime="20200427 20:41:33.753" endtime="20200427 20:41:33.754"></status>
</kw>
<kw name="City" library="FakerLibrary">
<doc>:example 'Sashabury'</doc>
<assign>
<var>${city}</var>
</assign>
<msg timestamp="20200427 20:41:33.755" level="INFO">${city} = North Danielle</msg>
<status status="PASS" starttime="20200427 20:41:33.754" endtime="20200427 20:41:33.755"></status>
</kw>
<kw name="State" library="FakerLibrary">
<assign>
<var>${state}</var>
</assign>
<msg timestamp="20200427 20:41:33.755" level="INFO">${state} = West Virginia</msg>
<status status="PASS" starttime="20200427 20:41:33.755" endtime="20200427 20:41:33.755"></status>
</kw>
<kw name="Postcode" library="FakerLibrary">
<doc>:example 86039-9874</doc>
<assign>
<var>${postcode}</var>
</assign>
<msg timestamp="20200427 20:41:33.755" level="INFO">${postcode} = 69000</msg>
<status status="PASS" starttime="20200427 20:41:33.755" endtime="20200427 20:41:33.755"></status>
</kw>
<kw name="Enter Customer Firstname" library="login">
<doc>Insira o primeiro nome pessoal</doc>
<arguments>
<arg>${fisrt_name}</arg>
</arguments>
<msg timestamp="20200427 20:41:35.025" level="INFO">Typing text 'Laura' into text field 'xpath=//input[@id='customer_firstname']'.</msg>
<status status="PASS" starttime="20200427 20:41:33.755" endtime="20200427 20:41:35.145"></status>
</kw>
<kw name="Enter Customer Lastname" library="login">
<doc>Insira o sobrenome</doc>
<arguments>
<arg>${last_name}</arg>
</arguments>
<msg timestamp="20200427 20:41:35.146" level="INFO">Typing text 'Hunter' into text field 'id=customer_lastname'.</msg>
<status status="PASS" starttime="20200427 20:41:35.146" endtime="20200427 20:41:35.307"></status>
</kw>
<kw name="Enter Password" library="login">
<doc>Insira a senha</doc>
<arguments>
<arg>${PASS}</arg>
</arguments>
<msg timestamp="20200427 20:41:35.307" level="INFO">Typing text 'admin123' into text field 'name=passwd'.</msg>
<status status="PASS" starttime="20200427 20:41:35.307" endtime="20200427 20:41:35.456"></status>
</kw>
<kw name="Enter Address" library="login">
<doc>Insira o endereço</doc>
<arguments>
<arg>${address}</arg>
</arguments>
<msg timestamp="20200427 20:41:35.456" level="INFO">Typing text '255 Lucas Dale' into text field 'name=address1'.</msg>
<status status="PASS" starttime="20200427 20:41:35.456" endtime="20200427 20:41:35.720"></status>
</kw>
<kw name="Enter City" library="login">
<doc>Insira a cidade</doc>
<arguments>
<arg>${city}</arg>
</arguments>
<msg timestamp="20200427 20:41:35.721" level="INFO">Typing text 'North Danielle' into text field 'name=city'.</msg>
<status status="PASS" starttime="20200427 20:41:35.720" endtime="20200427 20:41:35.841"></status>
</kw>
<kw name="Select State Option" library="login">
<doc>Click na picklist de Estado</doc>
<arguments>
<arg>${state}</arg>
</arguments>
<msg timestamp="20200427 20:41:35.841" level="INFO">Selecting options from selection list 'id=id_state' by label West Virginia.</msg>
<status status="PASS" starttime="20200427 20:41:35.841" endtime="20200427 20:41:35.905"></status>
</kw>
<kw name="Enter Postcode" library="login">
<doc>Insira o código postal</doc>
<arguments>
<arg>${postcode}</arg>
</arguments>
<msg timestamp="20200427 20:41:35.905" level="INFO">Typing text '69000' into text field 'name=postcode'.</msg>
<status status="PASS" starttime="20200427 20:41:35.905" endtime="20200427 20:41:35.978"></status>
</kw>
<kw name="Enter Mobile Phone" library="login">
<doc>Insira o número do celular</doc>
<arguments>
<arg>+5511957999902</arg>
</arguments>
<msg timestamp="20200427 20:41:35.978" level="INFO">Typing text '+5511957999902' into text field 'name=phone_mobile'.</msg>
<status status="PASS" starttime="20200427 20:41:35.978" endtime="20200427 20:41:36.103"></status>
</kw>
<status status="PASS" starttime="20200427 20:41:33.752" endtime="20200427 20:41:36.104"></status>
</kw>
<kw name="Então clico em Register" library="cadastro_kw">
<kw name="Click Register Button" library="login">
<doc>Click em Register</doc>
<msg timestamp="20200427 20:41:36.104" level="INFO">Clicking button 'id=submitAccount'.</msg>
<status status="PASS" starttime="20200427 20:41:36.104" endtime="20200427 20:41:37.342"></status>
</kw>
<status status="PASS" starttime="20200427 20:41:36.104" endtime="20200427 20:41:37.342"></status>
</kw>
<kw name="E meu cadastro é concluido com sucesso" library="cadastro_kw">
<kw name="Click Home Button" library="login">
<doc>Click em Home</doc>
<msg timestamp="20200427 20:41:37.343" level="INFO">Clicking element 'css=#center_column &gt; ul &gt; li &gt; a &gt; span &gt; i'.</msg>
<status status="PASS" starttime="20200427 20:41:37.343" endtime="20200427 20:41:39.064"></status>
</kw>
<status status="PASS" starttime="20200427 20:41:37.343" endtime="20200427 20:41:39.064"></status>
</kw>
<kw name="Run Keywords" library="BuiltIn" type="teardown">
<doc>Executes all the given keywords in a sequence.</doc>
<arguments>
<arg>Capture Page Screenshot</arg>
<arg>AND</arg>
<arg>Close Browser</arg>
</arguments>
<kw name="Capture Page Screenshot" library="SeleniumLibrary">
<doc>Takes a screenshot of the current page and embeds it into a log file.</doc>
<msg timestamp="20200427 20:41:39.854" level="INFO" html="yes">&lt;/td&gt;&lt;/tr&gt;&lt;tr&gt;&lt;td colspan="3"&gt;&lt;a href="selenium-screenshot-3.png"&gt;&lt;img src="selenium-screenshot-3.png" width="800px"&gt;&lt;/a&gt;</msg>
<status status="PASS" starttime="20200427 20:41:39.065" endtime="20200427 20:41:39.855"></status>
</kw>
<kw name="Close Browser" library="SeleniumLibrary">
<doc>Closes the current browser.</doc>
<status status="PASS" starttime="20200427 20:41:39.855" endtime="20200427 20:41:41.992"></status>
</kw>
<status status="PASS" starttime="20200427 20:41:39.064" endtime="20200427 20:41:41.992"></status>
</kw>
<tags>
<tag>cadastro</tag>
<tag>cadastro_sucesso</tag>
</tags>
<status status="PASS" starttime="20200427 20:41:15.800" endtime="20200427 20:41:41.993" critical="yes"></status>
</test>
<status status="PASS" starttime="20200427 20:41:15.283" endtime="20200427 20:41:41.995"></status>
</suite>
<suite id="s1-s2" name="Login" source="C:\Users\Everton Santos\Documents\Robot\AutomationAme\Web\tests\login.robot">
<test id="s1-s2-t1" name="Scenario: Login em branco">
<kw name="Run Keywords" library="BuiltIn" type="setup">
<doc>Executes all the given keywords in a sequence.</doc>
<arguments>
<arg>Start Chrome</arg>
<arg>AND</arg>
<arg>Maximize Browser Window</arg>
<arg>AND</arg>
<arg>Dado que tenha acessado a tela de Login</arg>
</arguments>
<kw name="Start Chrome" library="commons">
<kw name="Open Browser" library="SeleniumLibrary">
<doc>Opens a new browser instance to the optional ``url``.</doc>
<arguments>
<arg>${URL_HOME}</arg>
<arg>chrome</arg>
</arguments>
<msg timestamp="20200427 20:41:42.008" level="INFO">Opening browser 'chrome' to base url 'http://automationpractice.com/index.php'.</msg>
<status status="PASS" starttime="20200427 20:41:42.008" endtime="20200427 20:41:51.212"></status>
</kw>
<status status="PASS" starttime="20200427 20:41:42.008" endtime="20200427 20:41:51.212"></status>
</kw>
<kw name="Maximize Browser Window" library="SeleniumLibrary">
<doc>Maximizes current browser window.</doc>
<status status="PASS" starttime="20200427 20:41:51.212" endtime="20200427 20:41:55.332"></status>
</kw>
<kw name="Dado que tenha acessado a tela de Login" library="cadastro_kw">
<kw name="Go To" library="SeleniumLibrary">
<doc>Navigates the current browser window to the provided ``url``.</doc>
<arguments>
<arg>${URL_LOGIN}</arg>
</arguments>
<msg timestamp="20200427 20:41:55.334" level="INFO">Opening url 'http://automationpractice.com/index.php?controller=authentication&amp;back=my-account'</msg>
<status status="PASS" starttime="20200427 20:41:55.333" endtime="20200427 20:41:56.629"></status>
</kw>
<status status="PASS" starttime="20200427 20:41:55.333" endtime="20200427 20:41:56.629"></status>
</kw>
<status status="PASS" starttime="20200427 20:41:42.008" endtime="20200427 20:41:56.629"></status>
</kw>
<kw name="Quando clico em Signin sem informar email e senha" library="login_kw">
<kw name="Click Signin Button" library="login">
<doc>Click em Sign in</doc>
<msg timestamp="20200427 20:41:56.630" level="INFO">Clicking button 'xpath=//button[@id='SubmitLogin']'.</msg>
<status status="PASS" starttime="20200427 20:41:56.630" endtime="20200427 20:41:57.599"></status>
</kw>
<status status="PASS" starttime="20200427 20:41:56.629" endtime="20200427 20:41:57.599"></status>
</kw>
<kw name="Então o site retorna uma mensagem de erro requisitando e-mail" library="login_kw">
<kw name="Page Should Contain" library="SeleniumLibrary">
<doc>Verifies that current page contains ``text``.</doc>
<arguments>
<arg>An email address required.</arg>
</arguments>
<msg timestamp="20200427 20:41:57.616" level="INFO">Current page contains text 'An email address required.'.</msg>
<status status="PASS" starttime="20200427 20:41:57.600" endtime="20200427 20:41:57.616"></status>
</kw>
<status status="PASS" starttime="20200427 20:41:57.600" endtime="20200427 20:41:57.616"></status>
</kw>
<kw name="Run Keywords" library="BuiltIn" type="teardown">
<doc>Executes all the given keywords in a sequence.</doc>
<arguments>
<arg>Capture Page Screenshot</arg>
<arg>AND</arg>
<arg>Close Browser</arg>
</arguments>
<kw name="Capture Page Screenshot" library="SeleniumLibrary">
<doc>Takes a screenshot of the current page and embeds it into a log file.</doc>
<msg timestamp="20200427 20:41:57.950" level="INFO" html="yes">&lt;/td&gt;&lt;/tr&gt;&lt;tr&gt;&lt;td colspan="3"&gt;&lt;a href="selenium-screenshot-4.png"&gt;&lt;img src="selenium-screenshot-4.png" width="800px"&gt;&lt;/a&gt;</msg>
<status status="PASS" starttime="20200427 20:41:57.617" endtime="20200427 20:41:57.950"></status>
</kw>
<kw name="Close Browser" library="SeleniumLibrary">
<doc>Closes the current browser.</doc>
<status status="PASS" starttime="20200427 20:41:57.950" endtime="20200427 20:42:00.084"></status>
</kw>
<status status="PASS" starttime="20200427 20:41:57.616" endtime="20200427 20:42:00.084"></status>
</kw>
<tags>
<tag>login</tag>
<tag>login_em_branco</tag>
</tags>
<status status="PASS" starttime="20200427 20:41:42.007" endtime="20200427 20:42:00.085" critical="yes"></status>
</test>
<test id="s1-s2-t2" name="Scenario: Login invalido">
<kw name="Run Keywords" library="BuiltIn" type="setup">
<doc>Executes all the given keywords in a sequence.</doc>
<arguments>
<arg>Start Chrome</arg>
<arg>AND</arg>
<arg>Maximize Browser Window</arg>
<arg>AND</arg>
<arg>Dado que tenha acessado a tela de Login</arg>
</arguments>
<kw name="Start Chrome" library="commons">
<kw name="Open Browser" library="SeleniumLibrary">
<doc>Opens a new browser instance to the optional ``url``.</doc>
<arguments>
<arg>${URL_HOME}</arg>
<arg>chrome</arg>
</arguments>
<msg timestamp="20200427 20:42:00.088" level="INFO">Opening browser 'chrome' to base url 'http://automationpractice.com/index.php'.</msg>
<status status="PASS" starttime="20200427 20:42:00.087" endtime="20200427 20:42:09.269"></status>
</kw>
<status status="PASS" starttime="20200427 20:42:00.087" endtime="20200427 20:42:09.269"></status>
</kw>
<kw name="Maximize Browser Window" library="SeleniumLibrary">
<doc>Maximizes current browser window.</doc>
<status status="PASS" starttime="20200427 20:42:09.270" endtime="20200427 20:42:13.398"></status>
</kw>
<kw name="Dado que tenha acessado a tela de Login" library="cadastro_kw">
<kw name="Go To" library="SeleniumLibrary">
<doc>Navigates the current browser window to the provided ``url``.</doc>
<arguments>
<arg>${URL_LOGIN}</arg>
</arguments>
<msg timestamp="20200427 20:42:13.398" level="INFO">Opening url 'http://automationpractice.com/index.php?controller=authentication&amp;back=my-account'</msg>
<status status="PASS" starttime="20200427 20:42:13.398" endtime="20200427 20:42:14.710"></status>
</kw>
<status status="PASS" starttime="20200427 20:42:13.398" endtime="20200427 20:42:14.710"></status>
</kw>
<status status="PASS" starttime="20200427 20:42:00.087" endtime="20200427 20:42:14.710"></status>
</kw>
<kw name="E informo Email e Senha inválidos" library="login_kw">
<kw name="Enter Email" library="login">
<doc>Insira o e-mail</doc>
<arguments>
<arg>${INVALID_USER}</arg>
</arguments>
<msg timestamp="20200427 20:42:14.712" level="INFO">Typing text 'user' into text field 'id=email'.</msg>
<status status="PASS" starttime="20200427 20:42:14.711" endtime="20200427 20:42:14.796"></status>
</kw>
<kw name="Enter Senha" library="login">
<doc>Insira o e-mail</doc>
<arguments>
<arg>${INVALID_PASS}</arg>
</arguments>
<msg timestamp="20200427 20:42:14.797" level="INFO">Typing text 'ldkfan' into text field 'id=passwd'.</msg>
<status status="PASS" starttime="20200427 20:42:14.796" endtime="20200427 20:42:14.909"></status>
</kw>
<status status="PASS" starttime="20200427 20:42:14.711" endtime="20200427 20:42:14.910"></status>
</kw>
<kw name="Quando clico em Signin" library="login_kw">
<kw name="Click Signin Button" library="login">
<doc>Click em Sign in</doc>
<msg timestamp="20200427 20:42:14.910" level="INFO">Clicking button 'xpath=//button[@id='SubmitLogin']'.</msg>
<status status="PASS" starttime="20200427 20:42:14.910" endtime="20200427 20:42:15.780"></status>
</kw>
<status status="PASS" starttime="20200427 20:42:14.910" endtime="20200427 20:42:15.780"></status>
</kw>
<kw name="Então o site retorna uma mensagem de erro de autenticação" library="login_kw">
<kw name="Page Should Contain" library="SeleniumLibrary">
<doc>Verifies that current page contains ``text``.</doc>
<arguments>
<arg>Invalid email address.</arg>
</arguments>
<msg timestamp="20200427 20:42:15.797" level="INFO">Current page contains text 'Invalid email address.'.</msg>
<status status="PASS" starttime="20200427 20:42:15.781" endtime="20200427 20:42:15.798"></status>
</kw>
<status status="PASS" starttime="20200427 20:42:15.780" endtime="20200427 20:42:15.798"></status>
</kw>
<kw name="Run Keywords" library="BuiltIn" type="teardown">
<doc>Executes all the given keywords in a sequence.</doc>
<arguments>
<arg>Capture Page Screenshot</arg>
<arg>AND</arg>
<arg>Close Browser</arg>
</arguments>
<kw name="Capture Page Screenshot" library="SeleniumLibrary">
<doc>Takes a screenshot of the current page and embeds it into a log file.</doc>
<msg timestamp="20200427 20:42:16.156" level="INFO" html="yes">&lt;/td&gt;&lt;/tr&gt;&lt;tr&gt;&lt;td colspan="3"&gt;&lt;a href="selenium-screenshot-5.png"&gt;&lt;img src="selenium-screenshot-5.png" width="800px"&gt;&lt;/a&gt;</msg>
<status status="PASS" starttime="20200427 20:42:15.798" endtime="20200427 20:42:16.156"></status>
</kw>
<kw name="Close Browser" library="SeleniumLibrary">
<doc>Closes the current browser.</doc>
<status status="PASS" starttime="20200427 20:42:16.156" endtime="20200427 20:42:18.294"></status>
</kw>
<status status="PASS" starttime="20200427 20:42:15.798" endtime="20200427 20:42:18.295"></status>
</kw>
<tags>
<tag>login</tag>
<tag>login_invalido</tag>
</tags>
<status status="PASS" starttime="20200427 20:42:00.086" endtime="20200427 20:42:18.296" critical="yes"></status>
</test>
<test id="s1-s2-t3" name="Scenario: Login válido">
<kw name="Run Keywords" library="BuiltIn" type="setup">
<doc>Executes all the given keywords in a sequence.</doc>
<arguments>
<arg>Start Chrome</arg>
<arg>AND</arg>
<arg>Maximize Browser Window</arg>
<arg>AND</arg>
<arg>Dado que tenha acessado a tela de Login</arg>
</arguments>
<kw name="Start Chrome" library="commons">
<kw name="Open Browser" library="SeleniumLibrary">
<doc>Opens a new browser instance to the optional ``url``.</doc>
<arguments>
<arg>${URL_HOME}</arg>
<arg>chrome</arg>
</arguments>
<msg timestamp="20200427 20:42:18.306" level="INFO">Opening browser 'chrome' to base url 'http://automationpractice.com/index.php'.</msg>
<status status="PASS" starttime="20200427 20:42:18.306" endtime="20200427 20:42:27.568"></status>
</kw>
<status status="PASS" starttime="20200427 20:42:18.305" endtime="20200427 20:42:27.568"></status>
</kw>
<kw name="Maximize Browser Window" library="SeleniumLibrary">
<doc>Maximizes current browser window.</doc>
<status status="PASS" starttime="20200427 20:42:27.568" endtime="20200427 20:42:31.705"></status>
</kw>
<kw name="Dado que tenha acessado a tela de Login" library="cadastro_kw">
<kw name="Go To" library="SeleniumLibrary">
<doc>Navigates the current browser window to the provided ``url``.</doc>
<arguments>
<arg>${URL_LOGIN}</arg>
</arguments>
<msg timestamp="20200427 20:42:31.706" level="INFO">Opening url 'http://automationpractice.com/index.php?controller=authentication&amp;back=my-account'</msg>
<status status="PASS" starttime="20200427 20:42:31.706" endtime="20200427 20:42:32.937"></status>
</kw>
<status status="PASS" starttime="20200427 20:42:31.706" endtime="20200427 20:42:32.938"></status>
</kw>
<status status="PASS" starttime="20200427 20:42:18.304" endtime="20200427 20:42:32.938"></status>
</kw>
<kw name="E informo Email e Senha válidos" library="login_kw">
<kw name="Enter Email" library="login">
<doc>Insira o e-mail</doc>
<arguments>
<arg>camila@bu.com</arg>
</arguments>
<msg timestamp="20200427 20:42:32.942" level="INFO">Typing text 'camila@bu.com' into text field 'id=email'.</msg>
<status status="PASS" starttime="20200427 20:42:32.942" endtime="20200427 20:42:33.060"></status>
</kw>
<kw name="Enter Senha" library="login">
<doc>Insira o e-mail</doc>
<arguments>
<arg>${PASS}</arg>
</arguments>
<msg timestamp="20200427 20:42:33.060" level="INFO">Typing text 'admin123' into text field 'id=passwd'.</msg>
<status status="PASS" starttime="20200427 20:42:33.060" endtime="20200427 20:42:33.161"></status>
</kw>
<status status="PASS" starttime="20200427 20:42:32.940" endtime="20200427 20:42:33.161"></status>
</kw>
<kw name="Quando clico em Signin" library="login_kw">
<kw name="Click Signin Button" library="login">
<doc>Click em Sign in</doc>
<msg timestamp="20200427 20:42:33.162" level="INFO">Clicking button 'xpath=//button[@id='SubmitLogin']'.</msg>
<status status="PASS" starttime="20200427 20:42:33.162" endtime="20200427 20:42:34.526"></status>
</kw>
<status status="PASS" starttime="20200427 20:42:33.161" endtime="20200427 20:42:34.527"></status>
</kw>
<kw name="Então o login é efetuado com sucesso" library="login_kw">
<kw name="Page Should Contain" library="SeleniumLibrary">
<doc>Verifies that current page contains ``text``.</doc>
<arguments>
<arg>Welcome to your account. Here you can manage all of your personal information and orders.</arg>
</arguments>
<msg timestamp="20200427 20:42:34.545" level="INFO">Current page contains text 'Welcome to your account. Here you can manage all of your personal information and orders.'.</msg>
<status status="PASS" starttime="20200427 20:42:34.529" endtime="20200427 20:42:34.545"></status>
</kw>
<status status="PASS" starttime="20200427 20:42:34.528" endtime="20200427 20:42:34.545"></status>
</kw>
<kw name="Run Keywords" library="BuiltIn" type="teardown">
<doc>Executes all the given keywords in a sequence.</doc>
<arguments>
<arg>Capture Page Screenshot</arg>
<arg>AND</arg>
<arg>Close Browser</arg>
</arguments>
<kw name="Capture Page Screenshot" library="SeleniumLibrary">
<doc>Takes a screenshot of the current page and embeds it into a log file.</doc>
<msg timestamp="20200427 20:42:35.003" level="INFO" html="yes">&lt;/td&gt;&lt;/tr&gt;&lt;tr&gt;&lt;td colspan="3"&gt;&lt;a href="selenium-screenshot-6.png"&gt;&lt;img src="selenium-screenshot-6.png" width="800px"&gt;&lt;/a&gt;</msg>
<status status="PASS" starttime="20200427 20:42:34.546" endtime="20200427 20:42:35.003"></status>
</kw>
<kw name="Close Browser" library="SeleniumLibrary">
<doc>Closes the current browser.</doc>
<status status="PASS" starttime="20200427 20:42:35.003" endtime="20200427 20:42:37.128"></status>
</kw>
<status status="PASS" starttime="20200427 20:42:34.546" endtime="20200427 20:42:37.129"></status>
</kw>
<tags>
<tag>login</tag>
<tag>login_valido</tag>
</tags>
<status status="PASS" starttime="20200427 20:42:18.302" endtime="20200427 20:42:37.130" critical="yes"></status>
</test>
<status status="PASS" starttime="20200427 20:41:41.997" endtime="20200427 20:42:37.134"></status>
</suite>
<status status="PASS" starttime="20200427 20:41:15.261" endtime="20200427 20:42:37.137"></status>
</suite>
<statistics>
<total>
<stat pass="4" fail="0">Critical Tests</stat>
<stat pass="4" fail="0">All Tests</stat>
</total>
<tag>
<stat pass="1" fail="0">cadastro</stat>
<stat pass="1" fail="0">cadastro_sucesso</stat>
<stat pass="3" fail="0">login</stat>
<stat pass="1" fail="0">login_em_branco</stat>
<stat pass="1" fail="0">login_invalido</stat>
<stat pass="1" fail="0">login_valido</stat>
</tag>
<suite>
<stat pass="4" fail="0" id="s1" name="Tests">Tests</stat>
<stat pass="1" fail="0" id="s1-s1" name="Cadastro">Tests.Cadastro</stat>
<stat pass="3" fail="0" id="s1-s2" name="Login">Tests.Login</stat>
</suite>
</statistics>
<errors>
</errors>
</robot>
